0 info it worked if it ends with ok
1 verbose cli [ '/usr/bin/node', '/usr/bin/npm', 'install' ]
2 info using npm@3.5.2
3 info using node@v8.10.0
4 silly loadCurrentTree Starting
5 silly install loadCurrentTree
6 silly install readLocalPackageData
7 silly install normalizeTree
8 silly loadCurrentTree Finishing
9 silly loadIdealTree Starting
10 silly install loadIdealTree
11 silly cloneCurrentTree Starting
12 silly install cloneCurrentTreeToIdealTree
13 silly cloneCurrentTree Finishing
14 silly loadShrinkwrap Starting
15 silly install loadShrinkwrap
16 silly loadShrinkwrap Finishing
17 silly loadAllDepsIntoIdealTree Starting
18 silly install loadAllDepsIntoIdealTree
19 silly loadAllDepsIntoIdealTree Finishing
20 silly idealTree:prePrune MERN_PROJECT-cdeebbfc18a6105afa24ba6b5b733e96b92c15b8
21 silly loadIdealTree Finishing
22 silly currentTree MERN_PROJECT-cdeebbfc18a6105afa24ba6b5b733e96b92c15b8
23 silly idealTree MERN_PROJECT-cdeebbfc18a6105afa24ba6b5b733e96b92c15b8
24 silly generateActionsToTake Starting
25 silly install generateActionsToTake
26 silly generateActionsToTake Finishing
27 silly diffTrees action count 0
28 silly decomposeActions action count 0
29 silly executeActions Starting
30 silly install executeActions
31 silly doSerial global-install 0
32 silly doParallel fetch 0
33 verbose lock using /home/vipulchhabra/.npm/_locks/staging-a46f3523f8ff5bcc.lock for /home/vipulchhabra/Desktop/DASS ASSIGNMENTS/MERN_PROJECT-cdeebbfc18a6105afa24ba6b5b733e96b92c15b8/node_modules/.staging
34 verbose unlock done using /home/vipulchhabra/.npm/_locks/staging-a46f3523f8ff5bcc.lock for /home/vipulchhabra/Desktop/DASS ASSIGNMENTS/MERN_PROJECT-cdeebbfc18a6105afa24ba6b5b733e96b92c15b8/node_modules/.staging
35 silly rollbackFailedOptional Starting
36 silly rollbackFailedOptional Finishing
37 silly runTopLevelLifecycles Starting
38 silly runTopLevelLifecycles Finishing
39 silly install printInstalled
40 warn enoent ENOENT: no such file or directory, open '/home/vipulchhabra/Desktop/DASS ASSIGNMENTS/MERN_PROJECT-cdeebbfc18a6105afa24ba6b5b733e96b92c15b8/package.json'
41 warn MERN_PROJECT-cdeebbfc18a6105afa24ba6b5b733e96b92c15b8 No description
42 warn MERN_PROJECT-cdeebbfc18a6105afa24ba6b5b733e96b92c15b8 No repository field.
43 warn MERN_PROJECT-cdeebbfc18a6105afa24ba6b5b733e96b92c15b8 No README data
44 warn MERN_PROJECT-cdeebbfc18a6105afa24ba6b5b733e96b92c15b8 No license field.
45 verbose stack Error: EACCES: permission denied, mkdir '/home/vipulchhabra/Desktop/DASS ASSIGNMENTS/MERN_PROJECT-cdeebbfc18a6105afa24ba6b5b733e96b92c15b8/node_modules/.staging'
46 verbose cwd /home/vipulchhabra/Desktop/DASS ASSIGNMENTS/MERN_PROJECT-cdeebbfc18a6105afa24ba6b5b733e96b92c15b8
47 error Linux 5.3.0-24-generic
48 error argv "/usr/bin/node" "/usr/bin/npm" "install"
49 error node v8.10.0
50 error npm  v3.5.2
51 error path /home/vipulchhabra/Desktop/DASS ASSIGNMENTS/MERN_PROJECT-cdeebbfc18a6105afa24ba6b5b733e96b92c15b8/node_modules/.staging
52 error code EACCES
53 error errno -13
54 error syscall mkdir
55 error Error: EACCES: permission denied, mkdir '/home/vipulchhabra/Desktop/DASS ASSIGNMENTS/MERN_PROJECT-cdeebbfc18a6105afa24ba6b5b733e96b92c15b8/node_modules/.staging'
55 error  { Error: EACCES: permission denied, mkdir '/home/vipulchhabra/Desktop/DASS ASSIGNMENTS/MERN_PROJECT-cdeebbfc18a6105afa24ba6b5b733e96b92c15b8/node_modules/.staging'
55 error   errno: -13,
55 error   code: 'EACCES',
55 error   syscall: 'mkdir',
55 error   path: '/home/vipulchhabra/Desktop/DASS ASSIGNMENTS/MERN_PROJECT-cdeebbfc18a6105afa24ba6b5b733e96b92c15b8/node_modules/.staging' }
56 error Please try running this command again as root/Administrator.
57 verbose exit [ -13, true ]
